# JRE version: OpenJDK Runtime Environment AdoptOpenJDK-11.0.11+9 (11.0.11+9) (build 11.0.11+9)
# Java VM: OpenJDK 64-Bit Server VM AdoptOpenJDK-11.0.11+9 (11.0.11+9, mixed mode, tiered, compressed oops, parallel gc, windows-amd64)
Heap:
 PSYoungGen      total 24576K, used 24004K [0x00000000eab00000, 0x00000000ed000000, 0x0000000100000000)
  eden space 11264K, 100% used [0x00000000eab00000,0x00000000eb600000,0x00000000eb600000)
  from space 13312K, 95% used [0x00000000ec300000,0x00000000ecf71208,0x00000000ed000000)
  to   space 13312K, 16% used [0x00000000eb600000,0x00000000eb81bb00,0x00000000ec300000)
 ParOldGen       total 173056K, used 127450K [0x00000000c0000000, 0x00000000ca900000, 0x00000000eab00000)
  object space 173056K, 73% used [0x00000000c0000000,0x00000000c7c76808,0x00000000ca900000)
 Metaspace       used 70643K, capacity 74086K, committed 74584K, reserved 1116160K
  class space    used 6752K, capacity 7910K, committed 8064K, reserved 1048576K
GC Heap History (20 events):
Event: 1000.472 GC heap before
{Heap before GC invocations=114 (full 6):
 PSYoungGen      total 17920K, used 17720K [0x00000000eab00000, 0x00000000ec880000, 0x0000000100000000)
  eden space 11264K, 99% used [0x00000000eab00000,0x00000000eb5ebef8,0x00000000eb600000)
  from space 6656K, 98% used [0x00000000ec200000,0x00000000ec862400,0x00000000ec880000)
  to   space 7680K, 0% used [0x00000000eb980000,0x00000000eb980000,0x00000000ec100000)
 ParOldGen       total 173056K, used 111732K [0x00000000c0000000, 0x00000000ca900000, 0x00000000eab00000)
  object space 173056K, 64% used [0x00000000c0000000,0x00000000c6d1d0c0,0x00000000ca900000)
 Metaspace       used 69627K, capacity 73107K, committed 73816K, reserved 1116160K
  class space    used 6677K, capacity 7855K, committed 8064K, reserved 1048576K
}
Event: 1000.854 GC heap after
{Heap after GC invocations=114 (full 6):
 PSYoungGen      total 18944K, used 7652K [0x00000000eab00000, 0x00000000eca00000, 0x0000000100000000)
  eden space 11264K, 0% used [0x00000000eab00000,0x00000000eab00000,0x00000000eb600000)
  from space 7680K, 99% used [0x00000000eb980000,0x00000000ec0f9168,0x00000000ec100000)
  to   space 9216K, 0% used [0x00000000ec100000,0x00000000ec100000,0x00000000eca00000)
 ParOldGen       total 173056K, used 113700K [0x00000000c0000000, 0x00000000ca900000, 0x00000000eab00000)
  object space 173056K, 65% used [0x00000000c0000000,0x00000000c6f090c0,0x00000000ca900000)
 Metaspace       used 69627K, capacity 73107K, committed 73816K, reserved 1116160K
  class space    used 6677K, capacity 7855K, committed 8064K, reserved 1048576K
}
Event: 1001.166 GC heap before
{Heap before GC invocations=115 (full 6):
 PSYoungGen      total 18944K, used 18916K [0x00000000eab00000, 0x00000000eca00000, 0x0000000100000000)
  eden space 11264K, 100% used [0x00000000eab00000,0x00000000eb600000,0x00000000eb600000)
  from space 7680K, 99% used [0x00000000eb980000,0x00000000ec0f9168,0x00000000ec100000)
  to   space 9216K, 0% used [0x00000000ec100000,0x00000000ec100000,0x00000000eca00000)
 ParOldGen       total 173056K, used 113700K [0x00000000c0000000, 0x00000000ca900000, 0x00000000eab00000)
  object space 173056K, 65% used [0x00000000c0000000,0x00000000c6f090c0,0x00000000ca900000)
 Metaspace       used 69671K, capacity 73171K, committed 73816K, reserved 1116160K
  class space    used 6680K, capacity 7855K, committed 8064K, reserved 1048576K
}
Event: 1001.278 GC heap after
{Heap after GC invocations=115 (full 6):
 PSYoungGen      total 20480K, used 7307K [0x00000000eab00000, 0x00000000ec880000, 0x0000000100000000)
  eden space 12800K, 0% used [0x00000000eab00000,0x00000000eab00000,0x00000000eb780000)
  from space 7680K, 95% used [0x00000000ec100000,0x00000000ec822ea0,0x00000000ec880000)
  to   space 8192K, 0% used [0x00000000eb880000,0x00000000eb880000,0x00000000ec080000)
 ParOldGen       total 173056K, used 113700K [0x00000000c0000000, 0x00000000ca900000, 0x00000000eab00000)
  object space 173056K, 65% used [0x00000000c0000000,0x00000000c6f090c0,0x00000000ca900000)
 Metaspace       used 69671K, capacity 73171K, committed 73816K, reserved 1116160K
  class space    used 6680K, capacity 7855K, committed 8064K, reserved 1048576K
}
Event: 1002.563 GC heap before
{Heap before GC invocations=116 (full 6):
 PSYoungGen      total 20480K, used 20107K [0x00000000eab00000, 0x00000000ec880000, 0x0000000100000000)
  eden space 12800K, 100% used [0x00000000eab00000,0x00000000eb780000,0x00000000eb780000)
  from space 7680K, 95% used [0x00000000ec100000,0x00000000ec822ea0,0x00000000ec880000)
  to   space 8192K, 0% used [0x00000000eb880000,0x00000000eb880000,0x00000000ec080000)
 ParOldGen       total 173056K, used 113700K [0x00000000c0000000, 0x00000000ca900000, 0x00000000eab00000)
  object space 173056K, 65% used [0x00000000c0000000,0x00000000c6f090c0,0x00000000ca900000)
 Metaspace       used 69842K, capacity 73392K, committed 74072K, reserved 1116160K
  class space    used 6699K, capacity 7867K, committed 8064K, reserved 1048576K
}
Event: 1002.726 GC heap after
{Heap after GC invocations=116 (full 6):
 PSYoungGen      total 22016K, used 8166K [0x00000000eab00000, 0x00000000ece00000, 0x0000000100000000)
  eden space 13824K, 0% used [0x00000000eab00000,0x00000000eab00000,0x00000000eb880000)
  from space 8192K, 99% used [0x00000000eb880000,0x00000000ec079800,0x00000000ec080000)
  to   space 10752K, 0% used [0x00000000ec380000,0x00000000ec380000,0x00000000ece00000)
 ParOldGen       total 173056K, used 115564K [0x00000000c0000000, 0x00000000ca900000, 0x00000000eab00000)
  object space 173056K, 66% used [0x00000000c0000000,0x00000000c70db0c0,0x00000000ca900000)
 Metaspace       used 69842K, capacity 73392K, committed 74072K, reserved 1116160K
  class space    used 6699K, capacity 7867K, committed 8064K, reserved 1048576K
}
Event: 1003.505 GC heap before
{Heap before GC invocations=117 (full 6):
 PSYoungGen      total 22016K, used 21990K [0x00000000eab00000, 0x00000000ece00000, 0x0000000100000000)
  eden space 13824K, 100% used [0x00000000eab00000,0x00000000eb880000,0x00000000eb880000)
  from space 8192K, 99% used [0x00000000eb880000,0x00000000ec079800,0x00000000ec080000)
  to   space 10752K, 0% used [0x00000000ec380000,0x00000000ec380000,0x00000000ece00000)
 ParOldGen       total 173056K, used 115564K [0x00000000c0000000, 0x00000000ca900000, 0x00000000eab00000)
  object space 173056K, 66% used [0x00000000c0000000,0x00000000c70db0c0,0x00000000ca900000)
 Metaspace       used 70214K, capacity 73663K, committed 74328K, reserved 1116160K
  class space    used 6726K, capacity 7876K, committed 8064K, reserved 1048576K
}
Event: 1003.890 GC heap after
{Heap after GC invocations=117 (full 6):
 PSYoungGen      total 19968K, used 10736K [0x00000000eab00000, 0x00000000ed980000, 0x0000000100000000)
  eden space 9216K, 0% used [0x00000000eab00000,0x00000000eab00000,0x00000000eb400000)
  from space 10752K, 99% used [0x00000000ec380000,0x00000000ecdfc338,0x00000000ece00000)
  to   space 15872K, 0% used [0x00000000eb400000,0x00000000eb400000,0x00000000ec380000)
 ParOldGen       total 173056K, used 119577K [0x00000000c0000000, 0x00000000ca900000, 0x00000000eab00000)
  object space 173056K, 69% used [0x00000000c0000000,0x00000000c74c6528,0x00000000ca900000)
 Metaspace       used 70214K, capacity 73663K, committed 74328K, reserved 1116160K
  class space    used 6726K, capacity 7876K, committed 8064K, reserved 1048576K
}
Event: 1004.024 GC heap before
{Heap before GC invocations=118 (full 6):
 PSYoungGen      total 19968K, used 19952K [0x00000000eab00000, 0x00000000ed980000, 0x0000000100000000)
  eden space 9216K, 100% used [0x00000000eab00000,0x00000000eb400000,0x00000000eb400000)
  from space 10752K, 99% used [0x00000000ec380000,0x00000000ecdfc338,0x00000000ece00000)
  to   space 15872K, 0% used [0x00000000eb400000,0x00000000eb400000,0x00000000ec380000)
 ParOldGen       total 173056K, used 119577K [0x00000000c0000000, 0x00000000ca900000, 0x00000000eab00000)
  object space 173056K, 69% used [0x00000000c0000000,0x00000000c74c6528,0x00000000ca900000)
 Metaspace       used 70284K, capacity 73760K, committed 74328K, reserved 1116160K
  class space    used 6729K, capacity 7908K, committed 8064K, reserved 1048576K
}
Event: 1004.057 GC heap after
{Heap after GC invocations=118 (full 6):
 PSYoungGen      total 25088K, used 13471K [0x00000000eab00000, 0x00000000ed180000, 0x0000000100000000)
  eden space 9216K, 0% used [0x00000000eab00000,0x00000000eab00000,0x00000000eb400000)
  from space 15872K, 84% used [0x00000000eb400000,0x00000000ec127f40,0x00000000ec380000)
  to   space 14336K, 0% used [0x00000000ec380000,0x00000000ec380000,0x00000000ed180000)
 ParOldGen       total 173056K, used 119585K [0x00000000c0000000, 0x00000000ca900000, 0x00000000eab00000)
  object space 173056K, 69% used [0x00000000c0000000,0x00000000c74c8528,0x00000000ca900000)
 Metaspace       used 70284K, capacity 73760K, committed 74328K, reserved 1116160K
  class space    used 6729K, capacity 7908K, committed 8064K, reserved 1048576K
}
Event: 1004.202 GC heap before
{Heap before GC invocations=119 (full 6):
 PSYoungGen      total 25088K, used 22687K [0x00000000eab00000, 0x00000000ed180000, 0x0000000100000000)
  eden space 9216K, 100% used [0x00000000eab00000,0x00000000eb400000,0x00000000eb400000)
  from space 15872K, 84% used [0x00000000eb400000,0x00000000ec127f40,0x00000000ec380000)
  to   space 14336K, 0% used [0x00000000ec380000,0x00000000ec380000,0x00000000ed180000)
 ParOldGen       total 173056K, used 119585K [0x00000000c0000000, 0x00000000ca900000, 0x00000000eab00000)
  object space 173056K, 69% used [0x00000000c0000000,0x00000000c74c8528,0x00000000ca900000)
 Metaspace       used 70416K, capacity 73888K, committed 74328K, reserved 1116160K
  class space    used 6740K, capacity 7908K, committed 8064K, reserved 1048576K
}
Event: 1004.250 GC heap after
{Heap after GC invocations=119 (full 6):
 PSYoungGen      total 23040K, used 12105K [0x00000000eab00000, 0x00000000ecf80000, 0x0000000100000000)
  eden space 10752K, 0% used [0x00000000eab00000,0x00000000eab00000,0x00000000eb580000)
  from space 12288K, 98% used [0x00000000ec380000,0x00000000ecf52428,0x00000000ecf80000)
  to   space 12800K, 0% used [0x00000000eb680000,0x00000000eb680000,0x00000000ec300000)
 ParOldGen       total 173056K, used 119585K [0x00000000c0000000, 0x00000000ca900000, 0x00000000eab00000)
  object space 173056K, 69% used [0x00000000c0000000,0x00000000c74c8528,0x00000000ca900000)
 Metaspace       used 70416K, capacity 73888K, committed 74328K, reserved 1116160K
  class space    used 6740K, capacity 7908K, committed 8064K, reserved 1048576K
}
Event: 1004.378 GC heap before
{Heap before GC invocations=120 (full 6):
 PSYoungGen      total 23040K, used 22857K [0x00000000eab00000, 0x00000000ecf80000, 0x0000000100000000)
  eden space 10752K, 100% used [0x00000000eab00000,0x00000000eb580000,0x00000000eb580000)
  from space 12288K, 98% used [0x00000000ec380000,0x00000000ecf52428,0x00000000ecf80000)
  to   space 12800K, 0% used [0x00000000eb680000,0x00000000eb680000,0x00000000ec300000)
 ParOldGen       total 173056K, used 119585K [0x00000000c0000000, 0x00000000ca900000, 0x00000000eab00000)
  object space 173056K, 69% used [0x00000000c0000000,0x00000000c74c8528,0x00000000ca900000)
 Metaspace       used 70526K, capacity 74019K, committed 74584K, reserved 1116160K
  class space    used 6752K, capacity 7909K, committed 8064K, reserved 1048576K
}
Event: 1004.554 GC heap after
{Heap after GC invocations=120 (full 6):
 PSYoungGen      total 23552K, used 12776K [0x00000000eab00000, 0x00000000ecf80000, 0x0000000100000000)
  eden space 10752K, 0% used [0x00000000eab00000,0x00000000eab00000,0x00000000eb580000)
  from space 12800K, 99% used [0x00000000eb680000,0x00000000ec2fa290,0x00000000ec300000)
  to   space 12288K, 0% used [0x00000000ec380000,0x00000000ec380000,0x00000000ecf80000)
 ParOldGen       total 173056K, used 122988K [0x00000000c0000000, 0x00000000ca900000, 0x00000000eab00000)
  object space 173056K, 71% used [0x00000000c0000000,0x00000000c781b088,0x00000000ca900000)
 Metaspace       used 70526K, capacity 74019K, committed 74584K, reserved 1116160K
  class space    used 6752K, capacity 7909K, committed 8064K, reserved 1048576K
}
Event: 1004.777 GC heap before
{Heap before GC invocations=121 (full 6):
 PSYoungGen      total 23552K, used 23528K [0x00000000eab00000, 0x00000000ecf80000, 0x0000000100000000)
  eden space 10752K, 100% used [0x00000000eab00000,0x00000000eb580000,0x00000000eb580000)
  from space 12800K, 99% used [0x00000000eb680000,0x00000000ec2fa290,0x00000000ec300000)
  to   space 12288K, 0% used [0x00000000ec380000,0x00000000ec380000,0x00000000ecf80000)
 ParOldGen       total 173056K, used 122988K [0x00000000c0000000, 0x00000000ca900000, 0x00000000eab00000)
  object space 173056K, 71% used [0x00000000c0000000,0x00000000c781b088,0x00000000ca900000)
 Metaspace       used 70555K, capacity 74022K, committed 74584K, reserved 1116160K
  class space    used 6752K, capacity 7910K, committed 8064K, reserved 1048576K
}
Event: 1005.040 GC heap after
{Heap after GC invocations=121 (full 6):
 PSYoungGen      total 22016K, used 12266K [0x00000000eab00000, 0x00000000ed580000, 0x0000000100000000)
  eden space 9728K, 0% used [0x00000000eab00000,0x00000000eab00000,0x00000000eb480000)
  from space 12288K, 99% used [0x00000000ec380000,0x00000000ecf7a980,0x00000000ecf80000)
  to   space 15360K, 0% used [0x00000000eb480000,0x00000000eb480000,0x00000000ec380000)
 ParOldGen       total 173056K, used 125282K [0x00000000c0000000, 0x00000000ca900000, 0x00000000eab00000)
  object space 173056K, 72% used [0x00000000c0000000,0x00000000c7a58bd8,0x00000000ca900000)
 Metaspace       used 70555K, capacity 74022K, committed 74584K, reserved 1116160K
  class space    used 6752K, capacity 7910K, committed 8064K, reserved 1048576K
}
Event: 1005.203 GC heap before
{Heap before GC invocations=122 (full 6):
 PSYoungGen      total 22016K, used 21994K [0x00000000eab00000, 0x00000000ed580000, 0x0000000100000000)
  eden space 9728K, 100% used [0x00000000eab00000,0x00000000eb480000,0x00000000eb480000)
  from space 12288K, 99% used [0x00000000ec380000,0x00000000ecf7a980,0x00000000ecf80000)
  to   space 15360K, 0% used [0x00000000eb480000,0x00000000eb480000,0x00000000ec380000)
 ParOldGen       total 173056K, used 125282K [0x00000000c0000000, 0x00000000ca900000, 0x00000000eab00000)
  object space 173056K, 72% used [0x00000000c0000000,0x00000000c7a58bd8,0x00000000ca900000)
 Metaspace       used 70568K, capacity 74022K, committed 74584K, reserved 1116160K
  class space    used 6752K, capacity 7910K, committed 8064K, reserved 1048576K
}
Event: 1005.260 GC heap after
{Heap after GC invocations=122 (full 6):
 PSYoungGen      total 22016K, used 11912K [0x00000000eab00000, 0x00000000ed000000, 0x0000000100000000)
  eden space 9728K, 0% used [0x00000000eab00000,0x00000000eab00000,0x00000000eb480000)
  from space 12288K, 96% used [0x00000000eb480000,0x00000000ec022340,0x00000000ec080000)
  to   space 13312K, 0% used [0x00000000ec300000,0x00000000ec300000,0x00000000ed000000)
 ParOldGen       total 173056K, used 126125K [0x00000000c0000000, 0x00000000ca900000, 0x00000000eab00000)
  object space 173056K, 72% used [0x00000000c0000000,0x00000000c7b2b778,0x00000000ca900000)
 Metaspace       used 70568K, capacity 74022K, committed 74584K, reserved 1116160K
  class space    used 6752K, capacity 7910K, committed 8064K, reserved 1048576K
}
Event: 1005.416 GC heap before
{Heap before GC invocations=123 (full 6):
 PSYoungGen      total 22016K, used 21640K [0x00000000eab00000, 0x00000000ed000000, 0x0000000100000000)
  eden space 9728K, 100% used [0x00000000eab00000,0x00000000eb480000,0x00000000eb480000)
  from space 12288K, 96% used [0x00000000eb480000,0x00000000ec022340,0x00000000ec080000)
  to   space 13312K, 0% used [0x00000000ec300000,0x00000000ec300000,0x00000000ed000000)
 ParOldGen       total 173056K, used 126125K [0x00000000c0000000, 0x00000000ca900000, 0x00000000eab00000)
  object space 173056K, 72% used [0x00000000c0000000,0x00000000c7b2b778,0x00000000ca900000)
 Metaspace       used 70621K, capacity 74086K, committed 74584K, reserved 1116160K
  class space    used 6752K, capacity 7910K, committed 8064K, reserved 1048576K
}
Event: 1005.593 GC heap after
{Heap after GC invocations=123 (full 6):
 PSYoungGen      total 24576K, used 12740K [0x00000000eab00000, 0x00000000ed000000, 0x0000000100000000)
  eden space 11264K, 0% used [0x00000000eab00000,0x00000000eab00000,0x00000000eb600000)
  from space 13312K, 95% used [0x00000000ec300000,0x00000000ecf71208,0x00000000ed000000)
  to   space 13312K, 0% used [0x00000000eb600000,0x00000000eb600000,0x00000000ec300000)
 ParOldGen       total 173056K, used 126637K [0x00000000c0000000, 0x00000000ca900000, 0x00000000eab00000)
  object space 173056K, 73% used [0x00000000c0000000,0x00000000c7bab5e8,0x00000000ca900000)
 Metaspace       used 70621K, capacity 74086K, committed 74584K, reserved 1116160K
  class space    used 6752K, capacity 7910K, committed 8064K, reserved 1048576K
}

