# JRE version: Java(TM) SE Runtime Environment (16.0.1+9) (build 16.0.1+9-24)
# Java VM: Java HotSpot(TM) 64-Bit Server VM (16.0.1+9-24, mixed mode, sharing, tiered, compressed oops, compressed class ptrs, g1 gc, windows-amd64)
GC Precious Log:
 CPUs: 4 total, 4 available
 Memory: 3534M
 Large Page Support: Disabled
 NUMA Support: Disabled
 Compressed Oops: Enabled (32-bit)
 Heap Region Size: 1M
 Heap Min Capacity: 8M
 Heap Initial Capacity: 56M
 Heap Max Capacity: 884M
 Pre-touch: Disabled
 Parallel Workers: 4
 Concurrent Workers: 1
 Concurrent Refinement Workers: 4
 Periodic GC: Disabled
Heap:
 garbage-first heap   total 61440K, used 28542K [0x00000000c8c00000, 0x0000000100000000)
  region size 1024K, 1 young (1024K), 1 survivors (1024K)
 Metaspace       used 33130K, committed 33536K, reserved 1081344K
  class space    used 4223K, committed 4416K, reserved 1048576K
GC Heap History (20 events):
Event: 27.406 GC heap after
{Heap after GC invocations=10 (full 0):
 garbage-first heap   total 55296K, used 24616K [0x00000000c8c00000, 0x0000000100000000)
  region size 1024K, 1 young (1024K), 1 survivors (1024K)
 Metaspace       used 28571K, committed 28928K, reserved 1081344K
  class space    used 3687K, committed 3840K, reserved 1048576K
}
Event: 28.003 GC heap before
{Heap before GC invocations=10 (full 0):
 garbage-first heap   total 55296K, used 39976K [0x00000000c8c00000, 0x0000000100000000)
  region size 1024K, 16 young (16384K), 1 survivors (1024K)
 Metaspace       used 29070K, committed 29376K, reserved 1081344K
  class space    used 3759K, committed 3904K, reserved 1048576K
}
Event: 28.010 GC heap after
{Heap after GC invocations=11 (full 0):
 garbage-first heap   total 55296K, used 26169K [0x00000000c8c00000, 0x0000000100000000)
  region size 1024K, 2 young (2048K), 2 survivors (2048K)
 Metaspace       used 29070K, committed 29376K, reserved 1081344K
  class space    used 3759K, committed 3904K, reserved 1048576K
}
Event: 69.816 GC heap before
{Heap before GC invocations=11 (full 0):
 garbage-first heap   total 55296K, used 40505K [0x00000000c8c00000, 0x0000000100000000)
  region size 1024K, 17 young (17408K), 2 survivors (2048K)
 Metaspace       used 31450K, committed 31744K, reserved 1081344K
  class space    used 3994K, committed 4096K, reserved 1048576K
}
Event: 69.840 GC heap after
{Heap after GC invocations=12 (full 0):
 garbage-first heap   total 55296K, used 28188K [0x00000000c8c00000, 0x0000000100000000)
  region size 1024K, 3 young (3072K), 3 survivors (3072K)
 Metaspace       used 31450K, committed 31744K, reserved 1081344K
  class space    used 3994K, committed 4096K, reserved 1048576K
}
Event: 77.871 GC heap before
{Heap before GC invocations=12 (full 0):
 garbage-first heap   total 55296K, used 30236K [0x00000000c8c00000, 0x0000000100000000)
  region size 1024K, 7 young (7168K), 3 survivors (3072K)
 Metaspace       used 31712K, committed 32000K, reserved 1081344K
  class space    used 4023K, committed 4160K, reserved 1048576K
}
Event: 77.884 GC heap after
{Heap after GC invocations=13 (full 0):
 garbage-first heap   total 55296K, used 28965K [0x00000000c8c00000, 0x0000000100000000)
  region size 1024K, 1 young (1024K), 1 survivors (1024K)
 Metaspace       used 31712K, committed 32000K, reserved 1081344K
  class space    used 4023K, committed 4160K, reserved 1048576K
}
Event: 84.401 GC heap before
{Heap before GC invocations=14 (full 0):
 garbage-first heap   total 61440K, used 46373K [0x00000000c8c00000, 0x0000000100000000)
  region size 1024K, 14 young (14336K), 1 survivors (1024K)
 Metaspace       used 32643K, committed 32960K, reserved 1081344K
  class space    used 4164K, committed 4288K, reserved 1048576K
}
Event: 84.406 GC heap after
{Heap after GC invocations=15 (full 0):
 garbage-first heap   total 61440K, used 29754K [0x00000000c8c00000, 0x0000000100000000)
  region size 1024K, 2 young (2048K), 2 survivors (2048K)
 Metaspace       used 32643K, committed 32960K, reserved 1081344K
  class space    used 4164K, committed 4288K, reserved 1048576K
}
Event: 1245.465 GC heap before
{Heap before GC invocations=15 (full 0):
 garbage-first heap   total 61440K, used 48186K [0x00000000c8c00000, 0x0000000100000000)
  region size 1024K, 20 young (20480K), 2 survivors (2048K)
 Metaspace       used 33174K, committed 33472K, reserved 1081344K
  class space    used 4231K, committed 4352K, reserved 1048576K
}
Event: 1245.544 GC heap after
{Heap after GC invocations=16 (full 0):
 garbage-first heap   total 61440K, used 31162K [0x00000000c8c00000, 0x0000000100000000)
  region size 1024K, 3 young (3072K), 3 survivors (3072K)
 Metaspace       used 33174K, committed 33472K, reserved 1081344K
  class space    used 4231K, committed 4352K, reserved 1048576K
}
Event: 1251.177 GC heap before
{Heap before GC invocations=17 (full 0):
 garbage-first heap   total 61440K, used 51642K [0x00000000c8c00000, 0x0000000100000000)
  region size 1024K, 20 young (20480K), 3 survivors (3072K)
 Metaspace       used 33130K, committed 33536K, reserved 1081344K
  class space    used 4223K, committed 4416K, reserved 1048576K
}
Event: 1251.191 GC heap after
{Heap after GC invocations=18 (full 0):
 garbage-first heap   total 61440K, used 31795K [0x00000000c8c00000, 0x0000000100000000)
  region size 1024K, 3 young (3072K), 3 survivors (3072K)
 Metaspace       used 33130K, committed 33536K, reserved 1081344K
  class space    used 4223K, committed 4416K, reserved 1048576K
}
Event: 1251.364 GC heap before
{Heap before GC invocations=18 (full 0):
 garbage-first heap   total 61440K, used 32819K [0x00000000c8c00000, 0x0000000100000000)
  region size 1024K, 4 young (4096K), 3 survivors (3072K)
 Metaspace       used 33130K, committed 33536K, reserved 1081344K
  class space    used 4223K, committed 4416K, reserved 1048576K
}
Event: 1251.392 GC heap after
{Heap after GC invocations=19 (full 0):
 garbage-first heap   total 61440K, used 28502K [0x00000000c8c00000, 0x0000000100000000)
  region size 1024K, 1 young (1024K), 1 survivors (1024K)
 Metaspace       used 33130K, committed 33536K, reserved 1081344K
  class space    used 4223K, committed 4416K, reserved 1048576K
}
Event: 1251.406 GC heap before
{Heap before GC invocations=19 (full 0):
 garbage-first heap   total 61440K, used 30550K [0x00000000c8c00000, 0x0000000100000000)
  region size 1024K, 3 young (3072K), 1 survivors (1024K)
 Metaspace       used 33130K, committed 33536K, reserved 1081344K
  class space    used 4223K, committed 4416K, reserved 1048576K
}
Event: 1251.421 GC heap after
{Heap after GC invocations=20 (full 0):
 garbage-first heap   total 61440K, used 26525K [0x00000000c8c00000, 0x0000000100000000)
  region size 1024K, 1 young (1024K), 1 survivors (1024K)
 Metaspace       used 33130K, committed 33536K, reserved 1081344K
  class space    used 4223K, committed 4416K, reserved 1048576K
}
Event: 1251.436 GC heap before
{Heap before GC invocations=20 (full 0):
 garbage-first heap   total 61440K, used 30621K [0x00000000c8c00000, 0x0000000100000000)
  region size 1024K, 5 young (5120K), 1 survivors (1024K)
 Metaspace       used 33130K, committed 33536K, reserved 1081344K
  class space    used 4223K, committed 4416K, reserved 1048576K
}
Event: 1251.438 GC heap after
{Heap after GC invocations=21 (full 0):
 garbage-first heap   total 61440K, used 27490K [0x00000000c8c00000, 0x0000000100000000)
  region size 1024K, 1 young (1024K), 1 survivors (1024K)
 Metaspace       used 33130K, committed 33536K, reserved 1081344K
  class space    used 4223K, committed 4416K, reserved 1048576K
}
Event: 1251.444 GC heap before
{Heap before GC invocations=21 (full 0):
 garbage-first heap   total 61440K, used 30562K [0x00000000c8c00000, 0x0000000100000000)
  region size 1024K, 4 young (4096K), 1 survivors (1024K)
 Metaspace       used 33130K, committed 33536K, reserved 1081344K
  class space    used 4223K, committed 4416K, reserved 1048576K
}

